[2026-02-16T16:57:19.472+0000] {local_task_job_runner.py:123} INFO - ::group::Pre task execution logs
[2026-02-16T16:57:19.487+0000] {taskinstance.py:2614} INFO - Dependencies all met for dep_context=non-requeueable deps ti=<TaskInstance: date_load_postgres.check_file scheduled__2026-01-30T10:00:00+00:00 [queued]>
[2026-02-16T16:57:19.493+0000] {taskinstance.py:2614} INFO - Dependencies all met for dep_context=requeueable deps ti=<TaskInstance: date_load_postgres.check_file scheduled__2026-01-30T10:00:00+00:00 [queued]>
[2026-02-16T16:57:19.493+0000] {taskinstance.py:2867} INFO - Starting attempt 2 of 5
[2026-02-16T16:57:19.500+0000] {taskinstance.py:2890} INFO - Executing <Task(PythonSensor): check_file> on 2026-01-30 10:00:00+00:00
[2026-02-16T16:57:19.506+0000] {standard_task_runner.py:72} INFO - Started process 1243 to run task
[2026-02-16T16:57:19.508+0000] {standard_task_runner.py:104} INFO - Running: ['***', 'tasks', 'run', 'date_load_postgres', 'check_file', 'scheduled__2026-01-30T10:00:00+00:00', '--job-id', '296', '--raw', '--subdir', 'DAGS_FOLDER/date_load_postrges.py', '--cfg-path', '/tmp/tmpf8ifuq72']
[2026-02-16T16:57:19.509+0000] {standard_task_runner.py:105} INFO - Job 296: Subtask check_file
[2026-02-16T16:57:19.518+0000] {warnings.py:109} WARNING - /home/***/.local/lib/python3.9/site-packages/***/settings.py:209: DeprecationWarning: The sql_alchemy_conn option in [core] has been moved to the sql_alchemy_conn option in [database] - the old setting has been used, but please update your config.
  SQL_ALCHEMY_CONN = conf.get("database", "SQL_ALCHEMY_CONN")

[2026-02-16T16:57:19.543+0000] {task_command.py:467} INFO - Running <TaskInstance: date_load_postgres.check_file scheduled__2026-01-30T10:00:00+00:00 [running]> on host 6ef9a94e694d
[2026-02-16T16:57:19.543+0000] {warnings.py:109} WARNING - /home/***/.local/lib/python3.9/site-packages/***/settings.py:470: DeprecationWarning: The sql_alchemy_conn option in [core] has been moved to the sql_alchemy_conn option in [database] - the old setting has been used, but please update your config.
  if conf.get("database", "sql_alchemy_conn") == "none://":

[2026-02-16T16:57:19.591+0000] {taskinstance.py:3134} INFO - Exporting env vars: AIRFLOW_CTX_DAG_OWNER='a.sorokin' AIRFLOW_CTX_DAG_ID='date_load_postgres' AIRFLOW_CTX_TASK_ID='check_file' AIRFLOW_CTX_EXECUTION_DATE='2026-01-30T10:00:00+00:00' AIRFLOW_CTX_TRY_NUMBER='2' AIRFLOW_CTX_DAG_RUN_ID='scheduled__2026-01-30T10:00:00+00:00'
[2026-02-16T16:57:19.591+0000] {taskinstance.py:732} INFO - ::endgroup::
[2026-02-16T16:57:19.598+0000] {python.py:75} INFO - Poking callable: <function check_file at 0x7507ea32b820>
[2026-02-16T16:57:19.599+0000] {taskinstance.py:3313} ERROR - Task failed with exception
Traceback (most recent call last):
  File "/home/airflow/.local/lib/python3.9/site-packages/airflow/models/taskinstance.py", line 768, in _execute_task
    result = _execute_callable(context=context, **execute_callable_kwargs)
  File "/home/airflow/.local/lib/python3.9/site-packages/airflow/models/taskinstance.py", line 734, in _execute_callable
    return ExecutionCallableRunner(
  File "/home/airflow/.local/lib/python3.9/site-packages/airflow/utils/operator_helpers.py", line 252, in run
    return self.func(*args, **kwargs)
  File "/home/airflow/.local/lib/python3.9/site-packages/airflow/models/baseoperator.py", line 424, in wrapper
    return func(self, *args, **kwargs)
  File "/home/airflow/.local/lib/python3.9/site-packages/airflow/sensors/base.py", line 309, in execute
    raise e
  File "/home/airflow/.local/lib/python3.9/site-packages/airflow/sensors/base.py", line 289, in execute
    poke_return = self.poke(context)
  File "/home/airflow/.local/lib/python3.9/site-packages/airflow/sensors/python.py", line 76, in poke
    return_value = self.python_callable(*self.op_args, **self.op_kwargs)
  File "/opt/airflow/dags/date_load_postrges.py", line 74, in check_file
    path = Path(out_put_path)
NameError: name 'Path' is not defined
[2026-02-16T16:57:19.607+0000] {taskinstance.py:1226} INFO - Marking task as UP_FOR_RETRY. dag_id=date_load_postgres, task_id=check_file, run_id=scheduled__2026-01-30T10:00:00+00:00, execution_date=20260130T100000, start_date=20260216T165719, end_date=20260216T165719
[2026-02-16T16:57:19.627+0000] {taskinstance.py:341} INFO - ::group::Post task execution logs
[2026-02-16T16:57:19.627+0000] {standard_task_runner.py:124} ERROR - Failed to execute job 296 for task check_file (name 'Path' is not defined; 1243)
Traceback (most recent call last):
  File "/home/airflow/.local/lib/python3.9/site-packages/airflow/task/task_runner/standard_task_runner.py", line 117, in _start_by_fork
    ret = args.func(args, dag=self.dag)
  File "/home/airflow/.local/lib/python3.9/site-packages/airflow/cli/cli_config.py", line 49, in command
    return func(*args, **kwargs)
  File "/home/airflow/.local/lib/python3.9/site-packages/airflow/utils/cli.py", line 116, in wrapper
    return f(*args, **kwargs)
  File "/home/airflow/.local/lib/python3.9/site-packages/airflow/cli/commands/task_command.py", line 483, in task_run
    task_return_code = _run_task_by_selected_method(args, _dag, ti)
  File "/home/airflow/.local/lib/python3.9/site-packages/airflow/cli/commands/task_command.py", line 256, in _run_task_by_selected_method
    return _run_raw_task(args, ti)
  File "/home/airflow/.local/lib/python3.9/site-packages/airflow/cli/commands/task_command.py", line 341, in _run_raw_task
    return ti._run_raw_task(
  File "/home/airflow/.local/lib/python3.9/site-packages/airflow/utils/session.py", line 97, in wrapper
    return func(*args, session=session, **kwargs)
  File "/home/airflow/.local/lib/python3.9/site-packages/airflow/models/taskinstance.py", line 3006, in _run_raw_task
    return _run_raw_task(
  File "/home/airflow/.local/lib/python3.9/site-packages/airflow/models/taskinstance.py", line 274, in _run_raw_task
    TaskInstance._execute_task_with_callbacks(
  File "/home/airflow/.local/lib/python3.9/site-packages/airflow/models/taskinstance.py", line 3161, in _execute_task_with_callbacks
    result = self._execute_task(context, task_orig)
  File "/home/airflow/.local/lib/python3.9/site-packages/airflow/models/taskinstance.py", line 3185, in _execute_task
    return _execute_task(self, context, task_orig)
  File "/home/airflow/.local/lib/python3.9/site-packages/airflow/models/taskinstance.py", line 768, in _execute_task
    result = _execute_callable(context=context, **execute_callable_kwargs)
  File "/home/airflow/.local/lib/python3.9/site-packages/airflow/models/taskinstance.py", line 734, in _execute_callable
    return ExecutionCallableRunner(
  File "/home/airflow/.local/lib/python3.9/site-packages/airflow/utils/operator_helpers.py", line 252, in run
    return self.func(*args, **kwargs)
  File "/home/airflow/.local/lib/python3.9/site-packages/airflow/models/baseoperator.py", line 424, in wrapper
    return func(self, *args, **kwargs)
  File "/home/airflow/.local/lib/python3.9/site-packages/airflow/sensors/base.py", line 309, in execute
    raise e
  File "/home/airflow/.local/lib/python3.9/site-packages/airflow/sensors/base.py", line 289, in execute
    poke_return = self.poke(context)
  File "/home/airflow/.local/lib/python3.9/site-packages/airflow/sensors/python.py", line 76, in poke
    return_value = self.python_callable(*self.op_args, **self.op_kwargs)
  File "/opt/airflow/dags/date_load_postrges.py", line 74, in check_file
    path = Path(out_put_path)
NameError: name 'Path' is not defined
[2026-02-16T16:57:19.640+0000] {local_task_job_runner.py:266} INFO - Task exited with return code 1
[2026-02-16T16:57:19.657+0000] {taskinstance.py:3901} INFO - 0 downstream tasks scheduled from follow-on schedule check
[2026-02-16T16:57:19.658+0000] {local_task_job_runner.py:245} INFO - ::endgroup::
[2026-02-16T17:39:07.722+0000] {local_task_job_runner.py:123} INFO - ::group::Pre task execution logs
[2026-02-16T17:39:07.736+0000] {taskinstance.py:2614} INFO - Dependencies all met for dep_context=non-requeueable deps ti=<TaskInstance: date_load_postgres.check_file scheduled__2026-01-30T10:00:00+00:00 [queued]>
[2026-02-16T17:39:07.742+0000] {taskinstance.py:2614} INFO - Dependencies all met for dep_context=requeueable deps ti=<TaskInstance: date_load_postgres.check_file scheduled__2026-01-30T10:00:00+00:00 [queued]>
[2026-02-16T17:39:07.742+0000] {taskinstance.py:2867} INFO - Starting attempt 2 of 5
[2026-02-16T17:39:07.749+0000] {taskinstance.py:2890} INFO - Executing <Task(PythonSensor): check_file> on 2026-01-30 10:00:00+00:00
[2026-02-16T17:39:07.754+0000] {standard_task_runner.py:72} INFO - Started process 160 to run task
[2026-02-16T17:39:07.756+0000] {standard_task_runner.py:104} INFO - Running: ['***', 'tasks', 'run', 'date_load_postgres', 'check_file', 'scheduled__2026-01-30T10:00:00+00:00', '--job-id', '19', '--raw', '--subdir', 'DAGS_FOLDER/date_load_postrges.py', '--cfg-path', '/tmp/tmp78oqji9e']
[2026-02-16T17:39:07.758+0000] {standard_task_runner.py:105} INFO - Job 19: Subtask check_file
[2026-02-16T17:39:07.766+0000] {warnings.py:109} WARNING - /home/***/.local/lib/python3.9/site-packages/***/settings.py:209: DeprecationWarning: The sql_alchemy_conn option in [core] has been moved to the sql_alchemy_conn option in [database] - the old setting has been used, but please update your config.
  SQL_ALCHEMY_CONN = conf.get("database", "SQL_ALCHEMY_CONN")

[2026-02-16T17:39:07.788+0000] {task_command.py:467} INFO - Running <TaskInstance: date_load_postgres.check_file scheduled__2026-01-30T10:00:00+00:00 [running]> on host 80c391c4cc85
[2026-02-16T17:39:07.789+0000] {warnings.py:109} WARNING - /home/***/.local/lib/python3.9/site-packages/***/settings.py:470: DeprecationWarning: The sql_alchemy_conn option in [core] has been moved to the sql_alchemy_conn option in [database] - the old setting has been used, but please update your config.
  if conf.get("database", "sql_alchemy_conn") == "none://":

[2026-02-16T17:39:07.835+0000] {taskinstance.py:3134} INFO - Exporting env vars: AIRFLOW_CTX_DAG_OWNER='a.sorokin' AIRFLOW_CTX_DAG_ID='date_load_postgres' AIRFLOW_CTX_TASK_ID='check_file' AIRFLOW_CTX_EXECUTION_DATE='2026-01-30T10:00:00+00:00' AIRFLOW_CTX_TRY_NUMBER='2' AIRFLOW_CTX_DAG_RUN_ID='scheduled__2026-01-30T10:00:00+00:00'
[2026-02-16T17:39:07.835+0000] {taskinstance.py:732} INFO - ::endgroup::
[2026-02-16T17:39:07.843+0000] {python.py:75} INFO - Poking callable: <function check_file at 0x7ae69372c700>
[2026-02-16T17:39:07.843+0000] {logging_mixin.py:190} INFO - {'conf': <Proxy at 0x7ae674210400 with factory functools.partial(<function lazy_mapping_from_context.<locals>._deprecated_proxy_factory at 0x7ae67420ec10>, 'conf', <***.configuration.AirflowConfigParser object at 0x7ae69e3fa7c0>)>, 'dag': <DAG: date_load_postgres>, 'dag_run': <DagRun date_load_postgres @ 2026-01-30 10:00:00+00:00: scheduled__2026-01-30T10:00:00+00:00, state:running, queued_at: 2026-02-16 17:38:15.469342+00:00. externally triggered: False>, 'data_interval_end': DateTime(2026, 1, 31, 10, 0, 0, tzinfo=Timezone('UTC')), 'data_interval_start': DateTime(2026, 1, 30, 10, 0, 0, tzinfo=Timezone('UTC')), 'outlet_events': <***.utils.context.OutletEventAccessors object at 0x7ae6741fcf70>, 'ds': '2026-01-30', 'ds_nodash': '20260130', 'execution_date': <Proxy at 0x7ae674226ec0 with factory functools.partial(<function lazy_mapping_from_context.<locals>._deprecated_proxy_factory at 0x7ae67420ec10>, 'execution_date', DateTime(2026, 1, 30, 10, 0, 0, tzinfo=Timezone('UTC')))>, 'expanded_ti_count': None, 'inlets': [], 'inlet_events': InletEventsAccessors(_inlets=[], _datasets={}, _dataset_aliases={}, _session=<sqlalchemy.orm.session.Session object at 0x7ae6741e6670>), 'logical_date': DateTime(2026, 1, 30, 10, 0, 0, tzinfo=Timezone('UTC')), 'macros': <module '***.macros' from '/home/***/.local/lib/python3.9/site-packages/***/macros/__init__.py'>, 'map_index_template': None, 'next_ds': <Proxy at 0x7ae6743d25c0 with factory functools.partial(<function lazy_mapping_from_context.<locals>._deprecated_proxy_factory at 0x7ae67420ec10>, 'next_ds', '2026-01-31')>, 'next_ds_nodash': <Proxy at 0x7ae674173c40 with factory functools.partial(<function lazy_mapping_from_context.<locals>._deprecated_proxy_factory at 0x7ae67420ec10>, 'next_ds_nodash', '20260131')>, 'next_execution_date': <Proxy at 0x7ae674177980 with factory functools.partial(<function lazy_mapping_from_context.<locals>._deprecated_proxy_factory at 0x7ae67420ec10>, 'next_execution_date', DateTime(2026, 1, 31, 10, 0, 0, tzinfo=Timezone('UTC')))>, 'outlets': [], 'params': {}, 'prev_data_interval_start_success': None, 'prev_data_interval_end_success': None, 'prev_ds': <Proxy at 0x7ae674133180 with factory functools.partial(<function lazy_mapping_from_context.<locals>._deprecated_proxy_factory at 0x7ae67420ec10>, 'prev_ds', '2026-01-29')>, 'prev_ds_nodash': <Proxy at 0x7ae674133240 with factory functools.partial(<function lazy_mapping_from_context.<locals>._deprecated_proxy_factory at 0x7ae67420ec10>, 'prev_ds_nodash', '20260129')>, 'prev_execution_date': <Proxy at 0x7ae674133300 with factory functools.partial(<function lazy_mapping_from_context.<locals>._deprecated_proxy_factory at 0x7ae67420ec10>, 'prev_execution_date', DateTime(2026, 1, 29, 10, 0, 0, tzinfo=Timezone('UTC')))>, 'prev_execution_date_success': <Proxy at 0x7ae6741333c0 with factory functools.partial(<function lazy_mapping_from_context.<locals>._deprecated_proxy_factory at 0x7ae67420ec10>, 'prev_execution_date_success', None)>, 'prev_start_date_success': None, 'prev_end_date_success': None, 'run_id': 'scheduled__2026-01-30T10:00:00+00:00', 'task': <Task(PythonSensor): check_file>, 'task_instance': <TaskInstance: date_load_postgres.check_file scheduled__2026-01-30T10:00:00+00:00 [running]>, 'task_instance_key_str': 'date_load_postgres__check_file__20260130', 'test_mode': False, 'ti': <TaskInstance: date_load_postgres.check_file scheduled__2026-01-30T10:00:00+00:00 [running]>, 'tomorrow_ds': <Proxy at 0x7ae674133480 with factory functools.partial(<function lazy_mapping_from_context.<locals>._deprecated_proxy_factory at 0x7ae67420ec10>, 'tomorrow_ds', '2026-01-31')>, 'tomorrow_ds_nodash': <Proxy at 0x7ae674133540 with factory functools.partial(<function lazy_mapping_from_context.<locals>._deprecated_proxy_factory at 0x7ae67420ec10>, 'tomorrow_ds_nodash', '20260131')>, 'triggering_dataset_events': <Proxy at 0x7ae674210340 with factory <function _get_template_context.<locals>.get_triggering_events at 0x7ae67420e940>>, 'ts': '2026-01-30T10:00:00+00:00', 'ts_nodash': '20260130T100000', 'ts_nodash_with_tz': '20260130T100000+0000', 'var': {'json': None, 'value': None}, 'conn': None, 'yesterday_ds': <Proxy at 0x7ae674133600 with factory functools.partial(<function lazy_mapping_from_context.<locals>._deprecated_proxy_factory at 0x7ae67420ec10>, 'yesterday_ds', '2026-01-29')>, 'yesterday_ds_nodash': <Proxy at 0x7ae6741336c0 with factory functools.partial(<function lazy_mapping_from_context.<locals>._deprecated_proxy_factory at 0x7ae67420ec10>, 'yesterday_ds_nodash', '20260129')>, 'output_path': '/opt/***/data/IOT-temp.csv', 'templates_dict': None}
[2026-02-16T17:39:07.844+0000] {base.py:339} INFO - Success criteria met. Exiting.
[2026-02-16T17:39:07.850+0000] {taskinstance.py:341} INFO - ::group::Post task execution logs
[2026-02-16T17:39:07.850+0000] {taskinstance.py:353} INFO - Marking task as SUCCESS. dag_id=date_load_postgres, task_id=check_file, run_id=scheduled__2026-01-30T10:00:00+00:00, execution_date=20260130T100000, start_date=20260216T173907, end_date=20260216T173907
[2026-02-16T17:39:07.888+0000] {local_task_job_runner.py:266} INFO - Task exited with return code 0
[2026-02-16T17:39:07.906+0000] {taskinstance.py:3901} INFO - 1 downstream tasks scheduled from follow-on schedule check
[2026-02-16T17:39:07.907+0000] {local_task_job_runner.py:245} INFO - ::endgroup::
