[2026-01-30T01:26:18.813+0000] {local_task_job_runner.py:123} INFO - ::group::Pre task execution logs
[2026-01-30T01:26:18.826+0000] {taskinstance.py:2614} INFO - Dependencies all met for dep_context=non-requeueable deps ti=<TaskInstance: download_iot.download_data manual__2026-01-30T01:01:54.394453+00:00 [queued]>
[2026-01-30T01:26:18.831+0000] {taskinstance.py:2614} INFO - Dependencies all met for dep_context=requeueable deps ti=<TaskInstance: download_iot.download_data manual__2026-01-30T01:01:54.394453+00:00 [queued]>
[2026-01-30T01:26:18.831+0000] {taskinstance.py:2867} INFO - Starting attempt 11 of 11
[2026-01-30T01:26:18.837+0000] {taskinstance.py:2890} INFO - Executing <Task(BashOperator): download_data> on 2026-01-30 01:01:54.394453+00:00
[2026-01-30T01:26:18.841+0000] {standard_task_runner.py:72} INFO - Started process 111 to run task
[2026-01-30T01:26:18.843+0000] {standard_task_runner.py:104} INFO - Running: ['***', 'tasks', 'run', 'download_iot', 'download_data', 'manual__2026-01-30T01:01:54.394453+00:00', '--job-id', '14', '--raw', '--subdir', 'DAGS_FOLDER/download_iot.py', '--cfg-path', '/tmp/tmp3wzz_0mo']
[2026-01-30T01:26:18.843+0000] {standard_task_runner.py:105} INFO - Job 14: Subtask download_data
[2026-01-30T01:26:18.852+0000] {warnings.py:109} WARNING - /home/***/.local/lib/python3.9/site-packages/***/settings.py:209: DeprecationWarning: The sql_alchemy_conn option in [core] has been moved to the sql_alchemy_conn option in [database] - the old setting has been used, but please update your config.
  SQL_ALCHEMY_CONN = conf.get("database", "SQL_ALCHEMY_CONN")

[2026-01-30T01:26:18.872+0000] {task_command.py:467} INFO - Running <TaskInstance: download_iot.download_data manual__2026-01-30T01:01:54.394453+00:00 [running]> on host 1a2ce610d3d8
[2026-01-30T01:26:18.919+0000] {taskinstance.py:3134} INFO - Exporting env vars: AIRFLOW_CTX_DAG_OWNER='a.sorokin' AIRFLOW_CTX_DAG_ID='download_iot' AIRFLOW_CTX_TASK_ID='download_data' AIRFLOW_CTX_EXECUTION_DATE='2026-01-30T01:01:54.394453+00:00' AIRFLOW_CTX_TRY_NUMBER='11' AIRFLOW_CTX_DAG_RUN_ID='manual__2026-01-30T01:01:54.394453+00:00'
[2026-01-30T01:26:18.920+0000] {taskinstance.py:732} INFO - ::endgroup::
[2026-01-30T01:26:18.927+0000] {subprocess.py:78} INFO - Tmp dir root location: /tmp
[2026-01-30T01:26:18.927+0000] {subprocess.py:88} INFO - Running command: ['/usr/bin/bash', '-c', 'kaggle datasets download -d atulanandjha/temperature-readings-iot-devices']
[2026-01-30T01:26:18.935+0000] {subprocess.py:99} INFO - Output:
[2026-01-30T01:26:18.936+0000] {subprocess.py:106} INFO - /usr/bin/bash: line 1: kaggle: command not found
[2026-01-30T01:26:18.936+0000] {subprocess.py:110} INFO - Command exited with return code 127
[2026-01-30T01:26:18.943+0000] {taskinstance.py:3313} ERROR - Task failed with exception
Traceback (most recent call last):
  File "/home/airflow/.local/lib/python3.9/site-packages/airflow/models/taskinstance.py", line 768, in _execute_task
    result = _execute_callable(context=context, **execute_callable_kwargs)
  File "/home/airflow/.local/lib/python3.9/site-packages/airflow/models/taskinstance.py", line 734, in _execute_callable
    return ExecutionCallableRunner(
  File "/home/airflow/.local/lib/python3.9/site-packages/airflow/utils/operator_helpers.py", line 252, in run
    return self.func(*args, **kwargs)
  File "/home/airflow/.local/lib/python3.9/site-packages/airflow/models/baseoperator.py", line 424, in wrapper
    return func(self, *args, **kwargs)
  File "/home/airflow/.local/lib/python3.9/site-packages/airflow/operators/bash.py", line 276, in execute
    raise AirflowException(
airflow.exceptions.AirflowException: Bash command failed. The command returned a non-zero exit code 127.
[2026-01-30T01:26:18.945+0000] {taskinstance.py:1226} INFO - Marking task as FAILED. dag_id=download_iot, task_id=download_data, run_id=manual__2026-01-30T01:01:54.394453+00:00, execution_date=20260130T010154, start_date=20260130T012618, end_date=20260130T012618
[2026-01-30T01:26:18.961+0000] {taskinstance.py:341} INFO - ::group::Post task execution logs
[2026-01-30T01:26:18.961+0000] {standard_task_runner.py:124} ERROR - Failed to execute job 14 for task download_data (Bash command failed. The command returned a non-zero exit code 127.; 111)
Traceback (most recent call last):
  File "/home/airflow/.local/lib/python3.9/site-packages/airflow/task/task_runner/standard_task_runner.py", line 117, in _start_by_fork
    ret = args.func(args, dag=self.dag)
  File "/home/airflow/.local/lib/python3.9/site-packages/airflow/cli/cli_config.py", line 49, in command
    return func(*args, **kwargs)
  File "/home/airflow/.local/lib/python3.9/site-packages/airflow/utils/cli.py", line 116, in wrapper
    return f(*args, **kwargs)
  File "/home/airflow/.local/lib/python3.9/site-packages/airflow/cli/commands/task_command.py", line 483, in task_run
    task_return_code = _run_task_by_selected_method(args, _dag, ti)
  File "/home/airflow/.local/lib/python3.9/site-packages/airflow/cli/commands/task_command.py", line 256, in _run_task_by_selected_method
    return _run_raw_task(args, ti)
  File "/home/airflow/.local/lib/python3.9/site-packages/airflow/cli/commands/task_command.py", line 341, in _run_raw_task
    return ti._run_raw_task(
  File "/home/airflow/.local/lib/python3.9/site-packages/airflow/utils/session.py", line 97, in wrapper
    return func(*args, session=session, **kwargs)
  File "/home/airflow/.local/lib/python3.9/site-packages/airflow/models/taskinstance.py", line 3006, in _run_raw_task
    return _run_raw_task(
  File "/home/airflow/.local/lib/python3.9/site-packages/airflow/models/taskinstance.py", line 274, in _run_raw_task
    TaskInstance._execute_task_with_callbacks(
  File "/home/airflow/.local/lib/python3.9/site-packages/airflow/models/taskinstance.py", line 3161, in _execute_task_with_callbacks
    result = self._execute_task(context, task_orig)
  File "/home/airflow/.local/lib/python3.9/site-packages/airflow/models/taskinstance.py", line 3185, in _execute_task
    return _execute_task(self, context, task_orig)
  File "/home/airflow/.local/lib/python3.9/site-packages/airflow/models/taskinstance.py", line 768, in _execute_task
    result = _execute_callable(context=context, **execute_callable_kwargs)
  File "/home/airflow/.local/lib/python3.9/site-packages/airflow/models/taskinstance.py", line 734, in _execute_callable
    return ExecutionCallableRunner(
  File "/home/airflow/.local/lib/python3.9/site-packages/airflow/utils/operator_helpers.py", line 252, in run
    return self.func(*args, **kwargs)
  File "/home/airflow/.local/lib/python3.9/site-packages/airflow/models/baseoperator.py", line 424, in wrapper
    return func(self, *args, **kwargs)
  File "/home/airflow/.local/lib/python3.9/site-packages/airflow/operators/bash.py", line 276, in execute
    raise AirflowException(
airflow.exceptions.AirflowException: Bash command failed. The command returned a non-zero exit code 127.
[2026-01-30T01:26:18.974+0000] {local_task_job_runner.py:266} INFO - Task exited with return code 1
[2026-01-30T01:26:18.988+0000] {taskinstance.py:3901} INFO - 0 downstream tasks scheduled from follow-on schedule check
[2026-01-30T01:26:18.990+0000] {local_task_job_runner.py:245} INFO - ::endgroup::
