[2026-01-30T01:07:13.857+0000] {local_task_job_runner.py:123} INFO - ::group::Pre task execution logs
[2026-01-30T01:07:13.872+0000] {taskinstance.py:2614} INFO - Dependencies all met for dep_context=non-requeueable deps ti=<TaskInstance: download_iot.download_data manual__2026-01-30T01:01:54.394453+00:00 [queued]>
[2026-01-30T01:07:13.878+0000] {taskinstance.py:2614} INFO - Dependencies all met for dep_context=requeueable deps ti=<TaskInstance: download_iot.download_data manual__2026-01-30T01:01:54.394453+00:00 [queued]>
[2026-01-30T01:07:13.878+0000] {taskinstance.py:2867} INFO - Starting attempt 5 of 8
[2026-01-30T01:07:13.884+0000] {taskinstance.py:2890} INFO - Executing <Task(PythonOperator): download_data> on 2026-01-30 01:01:54.394453+00:00
[2026-01-30T01:07:13.888+0000] {standard_task_runner.py:72} INFO - Started process 88 to run task
[2026-01-30T01:07:13.890+0000] {standard_task_runner.py:104} INFO - Running: ['***', 'tasks', 'run', 'download_iot', 'download_data', 'manual__2026-01-30T01:01:54.394453+00:00', '--job-id', '8', '--raw', '--subdir', 'DAGS_FOLDER/download_iot.py', '--cfg-path', '/tmp/tmp86m3_cd1']
[2026-01-30T01:07:13.891+0000] {standard_task_runner.py:105} INFO - Job 8: Subtask download_data
[2026-01-30T01:07:13.899+0000] {warnings.py:109} WARNING - /home/***/.local/lib/python3.9/site-packages/***/settings.py:209: DeprecationWarning: The sql_alchemy_conn option in [core] has been moved to the sql_alchemy_conn option in [database] - the old setting has been used, but please update your config.
  SQL_ALCHEMY_CONN = conf.get("database", "SQL_ALCHEMY_CONN")

[2026-01-30T01:07:13.919+0000] {task_command.py:467} INFO - Running <TaskInstance: download_iot.download_data manual__2026-01-30T01:01:54.394453+00:00 [running]> on host 1a2ce610d3d8
[2026-01-30T01:07:13.966+0000] {taskinstance.py:3134} INFO - Exporting env vars: AIRFLOW_CTX_DAG_OWNER='a.sorokin' AIRFLOW_CTX_DAG_ID='download_iot' AIRFLOW_CTX_TASK_ID='download_data' AIRFLOW_CTX_EXECUTION_DATE='2026-01-30T01:01:54.394453+00:00' AIRFLOW_CTX_TRY_NUMBER='5' AIRFLOW_CTX_DAG_RUN_ID='manual__2026-01-30T01:01:54.394453+00:00'
[2026-01-30T01:07:13.967+0000] {taskinstance.py:732} INFO - ::endgroup::
[2026-01-30T01:07:13.974+0000] {logging_mixin.py:190} INFO - /opt/***/data/123.csv
[2026-01-30T01:07:14.787+0000] {log.py:232} WARNING - Warning: Looks like you're using an outdated `kagglehub` version (installed: 0.3.13), please consider upgrading to the latest version (0.4.1).
[2026-01-30T01:07:15.163+0000] {taskinstance.py:3313} ERROR - Task failed with exception
Traceback (most recent call last):
  File "/home/airflow/.local/lib/python3.9/site-packages/kagglehub/exceptions.py", line 66, in kaggle_api_raise_for_status
    response.raise_for_status()
  File "/home/airflow/.local/lib/python3.9/site-packages/requests/models.py", line 1021, in raise_for_status
    raise HTTPError(http_error_msg, response=self)
requests.exceptions.HTTPError: 400 Client Error: Bad Request for url: https://www.kaggle.com/api/v1/datasets/download/atulanandjha/temperature-readings-iot-devices?dataset_version_number=1&file_name=/opt/***/data/123.csv

The above exception was the direct cause of the following exception:

Traceback (most recent call last):
  File "/home/airflow/.local/lib/python3.9/site-packages/airflow/models/taskinstance.py", line 768, in _execute_task
    result = _execute_callable(context=context, **execute_callable_kwargs)
  File "/home/airflow/.local/lib/python3.9/site-packages/airflow/models/taskinstance.py", line 734, in _execute_callable
    return ExecutionCallableRunner(
  File "/home/airflow/.local/lib/python3.9/site-packages/airflow/utils/operator_helpers.py", line 252, in run
    return self.func(*args, **kwargs)
  File "/home/airflow/.local/lib/python3.9/site-packages/airflow/models/baseoperator.py", line 424, in wrapper
    return func(self, *args, **kwargs)
  File "/home/airflow/.local/lib/python3.9/site-packages/airflow/operators/python.py", line 238, in execute
    return_value = self.execute_callable()
  File "/home/airflow/.local/lib/python3.9/site-packages/airflow/operators/python.py", line 256, in execute_callable
    return runner.run(*self.op_args, **self.op_kwargs)
  File "/home/airflow/.local/lib/python3.9/site-packages/airflow/utils/operator_helpers.py", line 252, in run
    return self.func(*args, **kwargs)
  File "/opt/airflow/dags/download_iot.py", line 50, in download_data
    df = kagglehub.load_dataset(
  File "/home/airflow/.local/lib/python3.9/site-packages/kagglehub/datasets.py", line 178, in load_dataset
    return dataset_load(adapter, handle, path, pandas_kwargs=pandas_kwargs, sql_query=sql_query, hf_kwargs=hf_kwargs)
  File "/home/airflow/.local/lib/python3.9/site-packages/kagglehub/datasets.py", line 141, in dataset_load
    return kagglehub.pandas_datasets.load_pandas_dataset(
  File "/home/airflow/.local/lib/python3.9/site-packages/kagglehub/pandas_datasets.py", line 89, in load_pandas_dataset
    filepath = dataset_download(handle, path)
  File "/home/airflow/.local/lib/python3.9/site-packages/kagglehub/datasets.py", line 43, in dataset_download
    path, _ = registry.dataset_resolver(h, path, force_download=force_download)
  File "/home/airflow/.local/lib/python3.9/site-packages/kagglehub/registry.py", line 28, in __call__
    return impl(*args, **kwargs)
  File "/home/airflow/.local/lib/python3.9/site-packages/kagglehub/resolver.py", line 29, in __call__
    path, version = self._resolve(handle, path, force_download=force_download)
  File "/home/airflow/.local/lib/python3.9/site-packages/kagglehub/http_resolver.py", line 122, in _resolve
    api_client.download_file(url_path, out_path, h, extract_auto_compressed_file=True)
  File "/home/airflow/.local/lib/python3.9/site-packages/kagglehub/clients.py", line 182, in download_file
    kaggle_api_raise_for_status(response, resource_handle)
  File "/home/airflow/.local/lib/python3.9/site-packages/kagglehub/exceptions.py", line 106, in kaggle_api_raise_for_status
    raise KaggleApiHTTPError(message, response=response) from e
kagglehub.exceptions.KaggleApiHTTPError: 400 Client Error: Bad Request for url: https://www.kaggle.com/api/v1/datasets/download/atulanandjha/temperature-readings-iot-devices?dataset_version_number=1&file_name=/opt/***/data/123.csv
[2026-01-30T01:07:15.171+0000] {taskinstance.py:1226} INFO - Marking task as UP_FOR_RETRY. dag_id=download_iot, task_id=download_data, run_id=manual__2026-01-30T01:01:54.394453+00:00, execution_date=20260130T010154, start_date=20260130T010713, end_date=20260130T010715
[2026-01-30T01:07:15.194+0000] {taskinstance.py:341} INFO - ::group::Post task execution logs
[2026-01-30T01:07:15.194+0000] {standard_task_runner.py:124} ERROR - Failed to execute job 8 for task download_data (400 Client Error: Bad Request for url: https://www.kaggle.com/api/v1/datasets/download/atulanandjha/temperature-readings-iot-devices?dataset_version_number=1&file_name=/opt/***/data/123.csv; 88)
Traceback (most recent call last):
  File "/home/airflow/.local/lib/python3.9/site-packages/kagglehub/exceptions.py", line 66, in kaggle_api_raise_for_status
    response.raise_for_status()
  File "/home/airflow/.local/lib/python3.9/site-packages/requests/models.py", line 1021, in raise_for_status
    raise HTTPError(http_error_msg, response=self)
requests.exceptions.HTTPError: 400 Client Error: Bad Request for url: https://www.kaggle.com/api/v1/datasets/download/atulanandjha/temperature-readings-iot-devices?dataset_version_number=1&file_name=/opt/***/data/123.csv

The above exception was the direct cause of the following exception:

Traceback (most recent call last):
  File "/home/airflow/.local/lib/python3.9/site-packages/airflow/task/task_runner/standard_task_runner.py", line 117, in _start_by_fork
    ret = args.func(args, dag=self.dag)
  File "/home/airflow/.local/lib/python3.9/site-packages/airflow/cli/cli_config.py", line 49, in command
    return func(*args, **kwargs)
  File "/home/airflow/.local/lib/python3.9/site-packages/airflow/utils/cli.py", line 116, in wrapper
    return f(*args, **kwargs)
  File "/home/airflow/.local/lib/python3.9/site-packages/airflow/cli/commands/task_command.py", line 483, in task_run
    task_return_code = _run_task_by_selected_method(args, _dag, ti)
  File "/home/airflow/.local/lib/python3.9/site-packages/airflow/cli/commands/task_command.py", line 256, in _run_task_by_selected_method
    return _run_raw_task(args, ti)
  File "/home/airflow/.local/lib/python3.9/site-packages/airflow/cli/commands/task_command.py", line 341, in _run_raw_task
    return ti._run_raw_task(
  File "/home/airflow/.local/lib/python3.9/site-packages/airflow/utils/session.py", line 97, in wrapper
    return func(*args, session=session, **kwargs)
  File "/home/airflow/.local/lib/python3.9/site-packages/airflow/models/taskinstance.py", line 3006, in _run_raw_task
    return _run_raw_task(
  File "/home/airflow/.local/lib/python3.9/site-packages/airflow/models/taskinstance.py", line 274, in _run_raw_task
    TaskInstance._execute_task_with_callbacks(
  File "/home/airflow/.local/lib/python3.9/site-packages/airflow/models/taskinstance.py", line 3161, in _execute_task_with_callbacks
    result = self._execute_task(context, task_orig)
  File "/home/airflow/.local/lib/python3.9/site-packages/airflow/models/taskinstance.py", line 3185, in _execute_task
    return _execute_task(self, context, task_orig)
  File "/home/airflow/.local/lib/python3.9/site-packages/airflow/models/taskinstance.py", line 768, in _execute_task
    result = _execute_callable(context=context, **execute_callable_kwargs)
  File "/home/airflow/.local/lib/python3.9/site-packages/airflow/models/taskinstance.py", line 734, in _execute_callable
    return ExecutionCallableRunner(
  File "/home/airflow/.local/lib/python3.9/site-packages/airflow/utils/operator_helpers.py", line 252, in run
    return self.func(*args, **kwargs)
  File "/home/airflow/.local/lib/python3.9/site-packages/airflow/models/baseoperator.py", line 424, in wrapper
    return func(self, *args, **kwargs)
  File "/home/airflow/.local/lib/python3.9/site-packages/airflow/operators/python.py", line 238, in execute
    return_value = self.execute_callable()
  File "/home/airflow/.local/lib/python3.9/site-packages/airflow/operators/python.py", line 256, in execute_callable
    return runner.run(*self.op_args, **self.op_kwargs)
  File "/home/airflow/.local/lib/python3.9/site-packages/airflow/utils/operator_helpers.py", line 252, in run
    return self.func(*args, **kwargs)
  File "/opt/airflow/dags/download_iot.py", line 50, in download_data
    df = kagglehub.load_dataset(
  File "/home/airflow/.local/lib/python3.9/site-packages/kagglehub/datasets.py", line 178, in load_dataset
    return dataset_load(adapter, handle, path, pandas_kwargs=pandas_kwargs, sql_query=sql_query, hf_kwargs=hf_kwargs)
  File "/home/airflow/.local/lib/python3.9/site-packages/kagglehub/datasets.py", line 141, in dataset_load
    return kagglehub.pandas_datasets.load_pandas_dataset(
  File "/home/airflow/.local/lib/python3.9/site-packages/kagglehub/pandas_datasets.py", line 89, in load_pandas_dataset
    filepath = dataset_download(handle, path)
  File "/home/airflow/.local/lib/python3.9/site-packages/kagglehub/datasets.py", line 43, in dataset_download
    path, _ = registry.dataset_resolver(h, path, force_download=force_download)
  File "/home/airflow/.local/lib/python3.9/site-packages/kagglehub/registry.py", line 28, in __call__
    return impl(*args, **kwargs)
  File "/home/airflow/.local/lib/python3.9/site-packages/kagglehub/resolver.py", line 29, in __call__
    path, version = self._resolve(handle, path, force_download=force_download)
  File "/home/airflow/.local/lib/python3.9/site-packages/kagglehub/http_resolver.py", line 122, in _resolve
    api_client.download_file(url_path, out_path, h, extract_auto_compressed_file=True)
  File "/home/airflow/.local/lib/python3.9/site-packages/kagglehub/clients.py", line 182, in download_file
    kaggle_api_raise_for_status(response, resource_handle)
  File "/home/airflow/.local/lib/python3.9/site-packages/kagglehub/exceptions.py", line 106, in kaggle_api_raise_for_status
    raise KaggleApiHTTPError(message, response=response) from e
kagglehub.exceptions.KaggleApiHTTPError: 400 Client Error: Bad Request for url: https://www.kaggle.com/api/v1/datasets/download/atulanandjha/temperature-readings-iot-devices?dataset_version_number=1&file_name=/opt/***/data/123.csv
[2026-01-30T01:07:15.225+0000] {local_task_job_runner.py:266} INFO - Task exited with return code 1
[2026-01-30T01:07:15.241+0000] {taskinstance.py:3901} INFO - 0 downstream tasks scheduled from follow-on schedule check
[2026-01-30T01:07:15.242+0000] {local_task_job_runner.py:245} INFO - ::endgroup::
